Sequence		tRNA    	Bounds  	tRNA	Anti	Intron Bounds	Cove	Hit     Non-repeat
Name    	tRNA #	Begin   	End     	Type	Codon	Begin	End	Score	Origin    Yes/No
--------	------	----    	------  	----	-----	-----	----	------	------   ---------
Bd1     	1	1244086 	1244159 	Val	CAC	0	0	82.62	Bo       Y
Bd1     	2	1433061 	1433142 	Ser	AGA	0	0	84.20	Bo       Y
Bd1     	3	1503830 	1503911 	Ser	CGA	0	0	81.28	Bo       Y
Bd1     	4	1528010 	1528083 	Val	AAC	0	0	77.22	Bo       Y
Bd1     	5	1653845 	1653916 	Gln	TTG	0	0	77.37	Bo       Y
Bd1     	6	2584926 	2584998 	Glu	CTC	0	0	77.59	Bo       Y
Bd1     	7	2591846 	2591918 	Glu	CTC	0	0	77.59	Bo       Y
Bd1     	8	2615174 	2615247 	Met	CAT	0	0	58.29	Bo       Y
Bd1     	9	3074741 	3074828 	Met	CAT	3074779	3074792	60.96	Bo       Y
Bd1     	10	3913389 	3913462 	Pro	TGG	0	0	60.50	Bo       Y
Bd1     	11	3913603 	3913676 	Trp	CCA	0	0	67.94	Bo       Y
Bd1     	12	4212359 	4212430 	Cys	GCA	0	0	73.78	Bo       Y
Bd1     	13	4565774 	4565847 	Val	AAC	0	0	77.22	Bo       Y
Bd1     	14	4571169 	4571241 	Arg	ACG	0	0	74.06	Bo       Y
Bd1     	15	4582282 	4582354 	Ala	AGC	0	0	68.12	Bo       Y
Bd1     	16	4989309 	4989382 	Thr	AGT	0	0	74.28	Bo       Y
Bd1     	17	5178752 	5178825 	Glu	TTC	0	0	65.35	Bo       Y
Bd1     	18	7413258 	7413330 	Arg	CCT	0	0	70.66	Bo       Y
Bd1     	19	9628161 	9628234 	Thr	AGT	0	0	74.28	Bo       Y
Bd1     	20	9681353 	9681425 	Arg	CCT	0	0	72.36	Bo       Y
Bd1     	21	10734272	10734345	Val	CAC	0	0	82.62	Bo       Y
Bd1     	22	13338026	13338099	Arg	TCG	0	0	81.86	Bo       Y
Bd1     	23	13486333	13486400	Pseudo	GCC	0	0	28.93	Eu       N
Bd1     	24	13803874	13803946	Ala	CGC	0	0	65.14	Bo       Y
Bd1     	25	14429710	14429791	Ser	TGA	0	0	77.78	Bo       Y
Bd1     	26	14683086	14683156	Gly	CCC	0	0	68.50	Bo       Y
Bd1     	27	16419429	16419509	Leu	CAG	0	0	68.96	Bo       Y
Bd1     	28	17176896	17176983	Met	CAT	17176934	17176947	61.74	Bo       Y
Bd1     	29	17700948	17701019	Asp	GTC	0	0	69.46	Bo       Y
Bd1     	30	17894152	17894225	Asn	GTT	0	0	77.57	Bo       Y
Bd1     	31	20086751	20086822	Gly	TCC	0	0	73.14	Bo       Y
Bd1     	32	20725342	20725422	Leu	CAG	0	0	68.96	Bo       Y
Bd1     	33	21656979	21657051	Phe	GAA	0	0	63.65	Bo       Y
Bd1     	34	23983542	23983613	Pro	CGG	0	0	74.11	Bo       Y
Bd1     	35	24050072	24050143	Thr	TGT	0	0	78.52	Bo       Y
Bd1     	36	26332288	26332369	Ser	AGA	0	0	84.20	Bo       Y
Bd1     	37	26641725	26641798	Glu	CTC	0	0	57.24	Eu       Y
Bd1     	38	26654662	26654734	Glu	CTC	0	0	77.59	Bo       Y
Bd1     	39	30846356	30846427	Gln	CTG	0	0	72.36	Bo       Y
Bd1     	40	32142800	32142880	Leu	AAG	0	0	68.09	Bo       Y
Bd1     	41	32150775	32150855	Leu	AAG	0	0	68.09	Bo       Y
Bd1     	42	32353523	32353606	Leu	CAA	0	0	76.89	Bo       Y
Bd1     	43	32423617	32423688	Pro	AGG	0	0	71.75	Bo       Y
Bd1     	44	33091214	33091284	Gly	GCC	0	0	71.56	Bo       Y
Bd1     	45	34488904	34488975	Gln	CTG	0	0	72.36	Bo       Y
Bd1     	46	35898931	35899002	Thr	GGT	0	0	57.42	Bo       Y
Bd1     	47	35899527	35899599	Glu	TTC	0	0	50.26	Ts       N
Bd1     	48	35899661	35899744	Tyr	GTA	0	0	50.98	Bo       Y
Bd1     	49	35900105	35900178	Asp	GTC	0	0	61.37	Bo       Y
Bd1     	50	35928900	35928986	Ser	GGA	0	0	55.11	Bo       Y
Bd1     	51	35932060	35932132	Phe	GAA	0	0	67.75	Bo       Y
Bd1     	52	35936057	35936129	Met	CAT	0	0	55.64	Bo       Y
Bd1     	53	35964513	35964586	His	GTG	0	0	52.58	Bo       Y
Bd1     	54	35975320	35975391	Val	GAC	0	0	51.67	Bo       Y
Bd1     	55	35983047	35983120	Arg	ACG	0	0	61.16	Eu       Y
Bd1     	56	43223837	43223907	Gly	GCC	0	0	71.56	Bo       Y
Bd1     	57	45072866	45072947	Ser	GCT	0	0	77.62	Bo       Y
Bd1     	58	45686714	45686786	Lys	TTT	0	0	89.11	Bo       Y
Bd1     	59	47143547	47143619	Ala	AGC	0	0	68.12	Bo       Y
Bd1     	60	47155540	47155612	Ala	AGC	0	0	64.02	Bo       Y
Bd1     	61	47162897	47162969	Ala	AGC	0	0	64.02	Bo       Y
Bd1     	62	49154237	49154308	Asp	GTC	0	0	69.46	Bo       Y
Bd1     	63	49913274	49913344	Gly	GCC	0	0	71.56	Bo       Y
Bd1     	64	50447936	50448007	Asp	GTC	0	0	69.46	Bo       Y
Bd1     	65	51671933	51672014	Ser	AGA	0	0	84.20	Bo       Y
Bd1     	66	51716466	51716539	Val	AAC	0	0	77.22	Bo       Y
Bd1     	67	53029747	53029826	Pseudo	???	0	0	28.69	Eu       N
Bd1     	68	53182182	53182253	Met	CAT	0	0	68.81	Bo       Y
Bd1     	69	53437505	53437576	Cys	GCA	0	0	79.11	Bo       Y
Bd1     	70	54995436	54995509	Met	CAT	0	0	61.45	Bo       Y
Bd1     	71	54996831	54996918	Ser	TGA	0	0	54.93	Bo       Y
Bd1     	72	55464956	55465029	Asp	GTC	0	0	61.37	Bo       Y
Bd1     	73	55794827	55794898	Gly	TCC	0	0	75.78	Bo       Y
Bd1     	74	56952862	56952933	Thr	AGT	0	0	54.10	Eu       N
Bd1     	75	57341368	57341457	Met	CAT	57341406	57341421	60.72	Bo       Y
Bd1     	76	57377412	57377483	Thr	CGT	0	0	80.56	Bo       Y
Bd1     	77	58640514	58640585	Asp	GTC	0	0	69.46	Bo       Y
Bd1     	78	59648375	59648456	Ser	GCT	0	0	77.62	Bo       Y
Bd1     	79	60427345	60427431	Met	CAT	60427383	60427395	60.69	Bo       Y
Bd1     	80	60655670	60655741	Trp	CCA	0	0	77.63	Bo       Y
Bd1     	81	61243319	61243391	Ala	AGC	0	0	68.12	Bo       Y
Bd1     	82	61676881	61676953	Phe	GAA	0	0	65.48	Bo       Y
Bd1     	83	61899060	61899131	Pro	TGG	0	0	73.73	Bo       Y
Bd1     	84	62490880	62490950	Gly	CCC	0	0	68.50	Bo       Y
Bd1     	85	62558843	62558924	Ser	TGA	0	0	78.02	Bo       Y
Bd1     	86	63664155	63664225	Gly	TCC	0	0	49.97	Eu       N
Bd1     	87	64132352	64132424	Ala	AGC	0	0	64.02	Bo       Y
Bd1     	88	64459407	64459487	Leu	AAG	0	0	70.38	Bo       Y
Bd1     	89	64561136	64561207	Met	CAT	0	0	68.81	Bo       Y
Bd1     	90	69285495	69285566	Met	CAT	0	0	68.81	Bo       Y
Bd1     	91	69976331	69976402	Asp	GTC	0	0	69.46	Bo       Y
Bd1     	92	72474786	72474856	Gly	GCC	0	0	71.56	Bo       Y
Bd1     	93	73440585	73440658	Asn	GTT	0	0	75.83	Bo       Y
Bd1     	94	73595486	73595557	His	GTG	0	0	63.70	Bo       Y
Bd1     	95	74372807	74372880	Asn	GTT	0	0	75.83	Bo       Y
Bd1     	96	74446687	74446757	Gly	GCC	0	0	62.56	Bo       Y
Bd1     	97	74445872	74445785	Ser	TGA	0	0	54.93	Bo       Y
Bd1     	98	74345588	74345517	Thr	TGT	0	0	81.19	Bo       Y
Bd1     	99	73573353	73573281	His	ATG	0	0	21.24	Eu       N
Bd1     	100	73573213	73573133	Undet	???	0	0	23.64	Eu       N
Bd1     	101	73573064	73572991	Undet	???	0	0	31.13	Eu       N
Bd1     	102	73572924	73572851	Undet	???	0	0	40.21	Eu       N
Bd1     	103	73572795	73572722	Pseudo	???	0	0	25.74	Eu       N
Bd1     	104	73572655	73572583	Pseudo	???	0	0	29.10	Bo       Y
Bd1     	105	72885774	72885704	Gly	GCC	0	0	71.56	Bo       Y
Bd1     	106	72881032	72880962	Gly	GCC	0	0	71.56	Bo       Y
Bd1     	107	72047407	72047324	Leu	CAA	0	0	75.15	Bo       Y
Bd1     	108	70039489	70039404	Tyr	GTA	70039452	70039440	77.16	Bo       Y
Bd1     	109	69970458	69970386	Arg	ACG	0	0	74.06	Bo       Y
Bd1     	110	69737875	69737802	His	GTG	0	0	45.59	Bo       Y
Bd1     	111	69612969	69612897	Phe	GAA	0	0	77.43	Bo       Y
Bd1     	112	69350931	69350860	Met	CAT	0	0	68.81	Bo       Y
Bd1     	113	68110747	68110677	Gly	CCC	0	0	68.50	Bo       Y
Bd1     	114	67890272	67890199	Thr	AGT	0	0	74.28	Bo       Y
Bd1     	115	67810330	67810258	Arg	CCT	0	0	72.63	Bo       Y
Bd1     	116	67728969	67728896	Glu	TTC	0	0	66.61	Bo       Y
Bd1     	117	66797503	66797430	Pro	TGG	0	0	59.74	Bo       Y
Bd1     	118	66797299	66797226	Trp	CCA	0	0	62.41	Bo       Y
Bd1     	119	65356933	65356860	Arg	TCG	0	0	81.86	Bo       Y
Bd1     	120	64727376	64727305	His	GTG	0	0	63.70	Bo       Y
Bd1     	121	64514966	64514896	Gly	GCC	0	0	71.56	Bo       Y
Bd1     	122	63993045	63992967	Met	CAT	0	0	28.46	Ts       N
Bd1     	123	63538057	63537985	Ala	CGC	0	0	65.14	Bo       Y
Bd1     	124	62258701	62258629	Ala	AGC	0	0	64.02	Bo       Y
Bd1     	125	62048767	62048696	Met	CAT	0	0	68.81	Bo       Y
Bd1     	126	62029288	62029215	Asn	GTT	0	0	81.83	Bo       Y
Bd1     	127	60775778	60775698	Leu	CAG	0	0	68.96	Bo       Y
Bd1     	128	57340583	57340510	Val	AAC	0	0	75.48	Bo       Y
Bd1     	129	56517643	56517570	Glu	TTC	0	0	64.32	Bo       Y
Bd1     	130	55950239	55950168	Cys	GCA	0	0	79.11	Bo       Y
Bd1     	131	55949110	55949039	Cys	GCA	0	0	79.11	Bo       Y
Bd1     	132	55464795	55464716	Leu	TAG	0	0	58.92	Bo       Y
Bd1     	133	55187077	55187007	Gly	GCC	0	0	71.56	Bo       Y
Bd1     	134	54996016	54995946	Gly	GCC	0	0	62.56	Bo       Y
Bd1     	135	54993780	54993709	Thr	GGT	0	0	57.42	Bo       Y
Bd1     	136	54993184	54993112	Glu	TTC	0	0	50.26	Ts       N
Bd1     	137	54993050	54992967	Tyr	GTA	0	0	50.98	Bo       Y
Bd1     	138	54541922	54541850	Phe	GAA	0	0	77.43	Bo       Y
Bd1     	139	52635145	52635058	Met	CAT	52635107	52635094	60.82	Bo       Y
Bd1     	140	48541095	48541012	Cys	GCA	0	0	32.10	Eu       N
Bd1     	141	47622186	47622116	Pseudo	???	0	0	20.61	Eu       N
Bd1     	142	47620093	47620022	Asp	GTC	0	0	69.46	Bo       Y
Bd1     	143	47388077	47388006	Pro	TGG	0	0	74.23	Bo       Y
Bd1     	144	43824744	43824673	Trp	CCA	0	0	77.63	Bo       Y
Bd1     	145	41696860	41696789	Met	CAT	0	0	68.81	Bo       Y
Bd1     	146	35983451	35983380	Asn	GTT	0	0	70.57	Bo       Y
Bd1     	147	35969250	35969170	Leu	CAA	0	0	55.48	Bo       Y
Bd1     	148	35966673	35966600	Met	CAT	0	0	58.29	Bo       Y
Bd1     	149	35947794	35947721	Pro	TGG	0	0	60.50	Bo       Y
Bd1     	150	35947580	35947507	Trp	CCA	0	0	67.94	Bo       Y
Bd1     	151	35930248	35930176	Thr	TGT	0	0	67.46	Bo       Y
Bd1     	152	35920578	35920505	Met	CAT	0	0	31.50	Eu       N
Bd1     	153	35920397	35920326	Arg	TCT	0	0	62.51	Eu       Y
Bd1     	154	35902969	35902899	Cys	GCA	0	0	66.65	Bo       Y
Bd1     	155	31473475	31473395	Leu	CAG	0	0	68.96	Bo       Y
Bd1     	156	30105780	30105709	His	GTG	0	0	63.70	Bo       Y
Bd1     	157	29670991	29670919	Glu	CTC	0	0	77.59	Bo       Y
Bd1     	158	28161005	28160933	Arg	CCG	0	0	71.52	Bo       Y
Bd1     	159	27890289	27890216	Met	CAT	0	0	58.29	Bo       Y
Bd1     	160	25300407	25300336	Thr	CGT	0	0	80.56	Bo       Y
Bd1     	161	24842224	24842153	Pro	TGG	0	0	74.23	Bo       Y
Bd1     	162	21675555	21675484	His	GTG	0	0	63.70	Bo       Y
Bd1     	163	21482748	21482668	Leu	CAA	0	0	54.16	Bo       Y
Bd1     	164	19650535	19650455	Leu	AAG	0	0	68.09	Bo       Y
Bd1     	165	17436496	17436415	Ser	GCT	0	0	77.62	Bo       Y
Bd1     	166	17435345	17435264	Ser	GCT	0	0	77.62	Bo       Y
Bd1     	167	16506814	16506743	Trp	CCA	0	0	77.63	Bo       Y
Bd1     	168	16379807	16379734	Ile	AAT	0	0	77.66	Bo       Y
Bd1     	169	16238743	16238672	His	GTG	0	0	63.70	Bo       Y
Bd1     	170	15942872	15942800	Ala	AGC	0	0	64.02	Bo       Y
Bd1     	171	14950568	14950497	Pro	TGG	0	0	73.73	Bo       Y
Bd1     	172	14510877	14510807	Gly	CCC	0	0	68.50	Bo       Y
Bd1     	173	12062475	12062404	Asp	GTC	0	0	69.46	Bo       Y
Bd1     	174	10041180	10041110	Gly	GCC	0	0	71.56	Bo       Y
Bd1     	175	9835645 	9835572 	Pro	TGG	0	0	54.68	Bo       Y
Bd1     	176	9835431 	9835358 	Trp	CCA	0	0	67.94	Bo       Y
Bd1     	177	6004268 	6004196 	Arg	CCT	0	0	72.16	Bo       Y
Bd1     	178	5790818 	5790746 	Arg	ACG	0	0	74.06	Bo       Y
Bd1     	179	5036607 	5036536 	Gln	CTG	0	0	72.36	Bo       Y
Bd1     	180	4070698 	4070628 	Gly	GCC	0	0	71.56	Bo       Y
Bd1     	181	3926555 	3926482 	His	GTG	0	0	46.48	Bo       Y
Bd1     	182	2917038 	2916966 	Glu	CTC	0	0	77.59	Bo       Y
Bd1     	183	2612123 	2612052 	Pro	AGG	0	0	71.75	Bo       Y
Bd1     	184	1305995 	1305924 	Cys	GCA	0	0	79.11	Bo       Y
Bd1     	185	775355  	775285  	Gly	GCC	0	0	55.92	Eu       Y
Bd2     	1	401667  	401739  	Glu	CTC	0	0	77.59	Bo       Y
Bd2     	2	1900258 	1900337 	Pseudo	???	0	0	28.69	Eu       N
Bd2     	3	1983615 	1983686 	Asp	GTC	0	0	69.46	Bo       Y
Bd2     	4	2888122 	2888203 	Ser	TGA	0	0	78.02	Bo       Y
Bd2     	5	3162651 	3162722 	Pro	AGG	0	0	71.75	Bo       Y
Bd2     	6	3621846 	3621933 	Met	CAT	3621884	3621897	60.96	Bo       Y
Bd2     	7	4954983 	4955055 	Glu	CTC	0	0	77.59	Bo       Y
Bd2     	8	6134126 	6134197 	Lys	TTT	0	0	82.49	Bo       Y
Bd2     	9	6429101 	6429173 	Glu	CTC	0	0	77.59	Bo       Y
Bd2     	10	6441236 	6441307 	Gln	CTG	0	0	69.43	Bo       Y
Bd2     	11	6441909 	6441980 	Gln	CTG	0	0	71.88	Bo       Y
Bd2     	12	10389369	10389440	His	GTG	0	0	63.70	Bo       Y
Bd2     	13	11213286	11213366	Leu	AAG	0	0	69.68	Bo       Y
Bd2     	14	11495399	11495478	Leu	TAG	0	0	58.92	Bo       Y
Bd2     	15	11511626	11511698	Thr	TGT	0	0	67.46	Bo       Y
Bd2     	16	13619708	13619780	Arg	CCT	0	0	72.63	Bo       Y
Bd2     	17	14454609	14454681	Arg	ACG	0	0	74.06	Bo       Y
Bd2     	18	15324991	15325063	Glu	CTC	0	0	77.59	Bo       Y
Bd2     	19	16368824	16368897	Met	CAT	0	0	61.45	Bo       Y
Bd2     	20	16656905	16656977	Val	TAC	0	0	76.67	Bo       Y
Bd2     	21	16670911	16670983	Lys	CTT	0	0	84.38	Bo       Y
Bd2     	22	17117595	17117667	Lys	CTT	0	0	84.38	Bo       Y
Bd2     	23	17193317	17193390	Asn	GTT	0	0	75.83	Bo       Y
Bd2     	24	17420263	17420335	Arg	ACG	0	0	74.06	Bo       Y
Bd2     	25	17675132	17675203	Asp	GTC	0	0	69.46	Bo       Y
Bd2     	26	17701977	17702048	Asp	GTC	0	0	69.46	Bo       Y
Bd2     	27	17754606	17754695	Met	CAT	17754644	17754659	61.36	Bo       Y
Bd2     	28	18169058	18169144	Ser	GGA	0	0	49.82	Bo       Y
Bd2     	29	18355499	18355571	Met	CAT	0	0	48.94	Eu       N
Bd2     	30	19700020	19700093	Ile	AAT	0	0	77.66	Bo       Y
Bd2     	31	20072288	20072359	Gly	TCC	0	0	73.14	Bo       Y
Bd2     	32	20320539	20320611	Glu	CTC	0	0	77.59	Bo       Y
Bd2     	33	20954604	20954684	Leu	CAG	0	0	68.96	Bo       Y
Bd2     	34	22522468	22522549	Ser	CGA	0	0	81.28	Bo       Y
Bd2     	35	23869264	23869337	Undet	???	0	0	33.37	Eu       N
Bd2     	36	24221338	24221410	Glu	CTC	0	0	77.59	Bo       Y
Bd2     	37	25502388	25502460	Arg	CCT	0	0	72.63	Bo       Y
Bd2     	38	26254100	26254173	Asn	GTT	0	0	77.57	Bo       Y
Bd2     	39	27780633	27780704	Asn	GTT	0	0	51.20	Eu       N
Bd2     	40	31602274	31602345	Gln	CTG	0	0	71.88	Bo       Y
Bd2     	41	31998877	31998948	Gln	CTG	0	0	72.36	Bo       Y
Bd2     	42	33040495	33040575	Leu	AAG	0	0	66.11	Bo       Y
Bd2     	43	34826559	34826632	Arg	TCG	0	0	81.86	Bo       Y
Bd2     	44	35198647	35198720	Thr	AGT	0	0	75.17	Bo       Y
Bd2     	45	36727262	36727335	Asn	GTT	0	0	75.83	Bo       Y
Bd2     	46	37834518	37834591	Arg	TCG	0	0	81.86	Bo       Y
Bd2     	47	38141533	38141605	Glu	CTC	0	0	77.59	Bo       Y
Bd2     	48	46399762	46399834	Arg	ACG	0	0	74.06	Bo       Y
Bd2     	49	47156627	47156699	Glu	CTC	0	0	77.59	Bo       Y
Bd2     	50	48822753	48822825	Val	TAC	0	0	76.67	Bo       Y
Bd2     	51	48916362	48916434	Tyr	ATA	0	0	45.86	Bo       Y
Bd2     	52	48927055	48927127	Lys	CTT	0	0	84.38	Bo       Y
Bd2     	53	49686687	49686759	Lys	CTT	0	0	84.38	Bo       Y
Bd2     	54	49999830	49999902	Arg	ACG	0	0	74.06	Bo       Y
Bd2     	55	50715652	50715725	Thr	AGT	0	0	74.68	Bo       Y
Bd2     	56	50715800	50715871	Gln	CTG	0	0	72.36	Bo       Y
Bd2     	57	50758786	50758857	Asp	GTC	0	0	69.46	Bo       Y
Bd2     	58	50817514	50817599	Met	CAT	50817552	50817563	64.14	Bo       Y
Bd2     	59	52597001	52597074	Ile	AAT	0	0	79.79	Bo       Y
Bd2     	60	52975796	52975867	Gly	TCC	0	0	73.14	Bo       Y
Bd2     	61	53455080	53455152	Arg	CCG	0	0	72.55	Bo       Y
Bd2     	62	53530225	53530297	Lys	CTT	0	0	84.38	Bo       Y
Bd2     	63	55090958	55091039	Ser	CGA	0	0	81.28	Bo       Y
Bd2     	64	55323453	55323526	Ile	AAT	0	0	77.66	Bo       Y
Bd2     	65	55606990	55607063	Ile	AAT	0	0	81.06	Bo       Y
Bd2     	66	55636686	55636759	Val	CAC	0	0	82.62	Bo       Y
Bd2     	67	55959518	55959591	Ile	AAT	0	0	82.42	Bo       Y
Bd2     	68	57183066	57183137	Lys	TTT	0	0	86.68	Bo       Y
Bd2     	69	57298269	57298349	Leu	AAG	0	0	68.09	Bo       Y
Bd2     	70	58862433	58862515	Leu	TAA	0	0	71.47	Bo       Y
Bd2     	71	59062439	59062512	Val	AAC	0	0	75.48	Bo       Y
Bd2     	72	59244157	59244230	Arg	TCG	0	0	81.86	Bo       Y
Bd2     	73	59302612	59302684	Lys	CTT	0	0	84.85	Bo       Y
Bd2     	74	59062636	59062563	Ile	AAT	0	0	82.42	Bo       Y
Bd2     	75	59061402	59061316	Met	CAT	59061364	59061352	61.97	Bo       Y
Bd2     	76	58813437	58813366	Cys	GCA	0	0	79.11	Bo       Y
Bd2     	77	58592003	58591931	Arg	TCT	0	0	70.40	Bo       Y
Bd2     	78	57292895	57292815	Leu	AAG	0	0	68.09	Bo       Y
Bd2     	79	56687758	56687686	Ala	AGC	0	0	68.12	Bo       Y
Bd2     	80	55463924	55463851	Ile	TAT	0	0	83.43	Bo       Y
Bd2     	81	55412302	55412221	Ser	AGA	0	0	84.20	Bo       Y
Bd2     	82	55069555	55069482	Val	AAC	0	0	77.22	Bo       Y
Bd2     	83	54673349	54673278	Gln	TTG	0	0	76.32	Bo       Y
Bd2     	84	54297487	54297408	Leu	TAG	0	0	68.72	Bo       Y
Bd2     	85	54285046	54284975	Pro	CGG	0	0	63.45	Bo       Y
Bd2     	86	53229572	53229500	Glu	CTC	0	0	77.59	Bo       Y
Bd2     	87	51439253	51439182	Asp	GTC	0	0	69.46	Bo       Y
Bd2     	88	50768787	50768715	Arg	CCG	0	0	72.32	Bo       Y
Bd2     	89	50395776	50395691	Tyr	GTA	50395739	50395727	75.40	Bo       Y
Bd2     	90	49666390	49666318	Phe	GAA	0	0	77.43	Bo       Y
Bd2     	91	49307130	49307059	Asp	GTC	0	0	69.46	Bo       Y
Bd2     	92	48595395	48595325	Gly	CCC	0	0	68.50	Bo       Y
Bd2     	93	46873996	46873915	Ser	CGA	0	0	81.28	Bo       Y
Bd2     	94	45507865	45507792	Ile	AAT	0	0	79.79	Bo       Y
Bd2     	95	42110510	42110439	Gly	TCC	0	0	73.14	Bo       Y
Bd2     	96	42017057	42016984	Arg	ACG	0	0	61.16	Eu       Y
Bd2     	97	39842566	39842494	Ala	TGC	0	0	66.31	Bo       Y
Bd2     	98	39537895	39537816	Leu	TAG	0	0	68.72	Bo       Y
Bd2     	99	35011754	35011681	Asn	GTT	0	0	77.57	Bo       Y
Bd2     	100	34913746	34913675	His	GTG	0	0	63.70	Bo       Y
Bd2     	101	34582035	34581954	Ser	TGA	0	0	77.78	Bo       Y
Bd2     	102	34341528	34341457	Pro	AGG	0	0	71.75	Bo       Y
Bd2     	103	30711460	30711387	Met	CAT	0	0	58.29	Bo       Y
Bd2     	104	27488011	27487939	Lys	CTT	0	0	84.38	Bo       Y
Bd2     	105	22873042	22872969	Ile	TAT	0	0	74.63	Eu       Y
Bd2     	106	22866888	22866815	Ile	TAT	0	0	86.19	Bo       Y
Bd2     	107	22811194	22811113	Ser	AGA	0	0	84.20	Bo       Y
Bd2     	108	21689005	21688926	Leu	TAG	0	0	62.05	Bo       Y
Bd2     	109	20768069	20767996	Val	AAC	0	0	77.22	Bo       Y
Bd2     	110	18117728	18117657	Asp	GTC	0	0	69.46	Bo       Y
Bd2     	111	17116807	17116735	Phe	GAA	0	0	77.43	Bo       Y
Bd2     	112	16618099	16618026	Undet	???	0	0	26.05	Eu       N
Bd2     	113	16617960	16617889	Arg	GCG	0	0	27.18	Bo       Y
Bd2     	114	16481074	16480988	Met	CAT	16481036	16481024	47.77	Eu       N
Bd2     	115	16369404	16369334	Gly	GCC	0	0	62.56	Bo       Y
Bd2     	116	15335900	15335829	Asp	GTC	0	0	69.46	Bo       Y
Bd2     	117	15334865	15334794	Asp	GTC	0	0	69.46	Bo       Y
Bd2     	118	14755395	14755314	Ser	CGA	0	0	81.28	Bo       Y
Bd2     	119	13142184	13142112	Val	TAC	0	0	76.67	Bo       Y
Bd2     	120	12984295	12984208	Ser	TGA	0	0	54.93	Bo       Y
Bd2     	121	11512974	11512888	Ser	GGA	0	0	55.11	Bo       Y
Bd2     	122	11509814	11509742	Phe	GAA	0	0	67.75	Bo       Y
Bd2     	123	11505817	11505745	Met	CAT	0	0	55.64	Bo       Y
Bd2     	124	6923536 	6923463 	Asp	GTC	0	0	51.70	Eu       N
Bd2     	125	6803637 	6803564 	Ile	TAT	0	0	86.19	Bo       Y
Bd2     	126	5135532 	5135460 	Arg	ACG	0	0	74.06	Bo       Y
Bd2     	127	3862975 	3862905 	Gly	GCC	0	0	71.56	Bo       Y
Bd2     	128	3221384 	3221313 	Asp	GTC	0	0	69.46	Bo       Y
Bd2     	129	2957657 	2957586 	Cys	GCA	0	0	79.11	Bo       Y
Bd2     	130	2585221 	2585140 	Ser	AGA	0	0	84.20	Bo       Y
Bd2     	131	2150233 	2150153 	Leu	CAG	0	0	68.96	Bo       Y
Bd2     	132	1551783 	1551711 	Phe	GAA	0	0	77.43	Bo       Y
Bd2     	133	31903   	31830   	Ile	AAT	0	0	72.97	Bo       Y
Bd2     	134	24518   	24445   	Ile	AAT	0	0	72.97	Bo       Y
Bd3     	1	956037  	956110  	Val	AAC	0	0	77.22	Bo       Y
Bd3     	2	1161748 	1161829 	Ser	GCT	0	0	77.62	Bo       Y
Bd3     	3	3078913 	3078985 	His	ATG	0	0	32.44	Bo       Y
Bd3     	4	3081536 	3081608 	Pseudo	TGC	0	0	22.54	Eu       N
Bd3     	5	3081731 	3081802 	His	ATG	0	0	20.85	Eu       N
Bd3     	6	5446264 	5446344 	Leu	AAG	0	0	68.09	Bo       Y
Bd3     	7	5482908 	5482978 	Gly	CCC	0	0	68.50	Bo       Y
Bd3     	8	6958577 	6958650 	Val	AAC	0	0	77.22	Bo       Y
Bd3     	9	7107999 	7108070 	Gln	CTG	0	0	72.36	Bo       Y
Bd3     	10	11742484	11742556	Arg	TCT	0	0	70.45	Bo       Y
Bd3     	11	12373076	12373147	Gly	TCC	0	0	75.78	Bo       Y
Bd3     	12	14052878	14052950	Lys	CTT	0	0	84.38	Bo       Y
Bd3     	13	14055149	14055221	Lys	CTT	0	0	84.38	Bo       Y
Bd3     	14	15120302	15120374	Arg	TCT	0	0	70.00	Bo       Y
Bd3     	15	16308613	16308684	Arg	TCT	0	0	59.70	Eu       Y
Bd3     	16	16822720	16822793	His	GTG	0	0	52.58	Bo       Y
Bd3     	17	17480203	17480283	Leu	CAA	0	0	55.48	Bo       Y
Bd3     	18	17482779	17482852	Met	CAT	0	0	58.29	Bo       Y
Bd3     	19	26099431	26099502	Gln	TTG	0	0	61.03	Bo       Y
Bd3     	20	26499368	26499439	Val	GAC	0	0	51.67	Bo       Y
Bd3     	21	28301713	28301784	Asn	GTT	0	0	77.16	Bo       Y
Bd3     	22	28320202	28320275	Met	CAT	0	0	61.45	Bo       Y
Bd3     	23	28858733	28858820	Ser	GCT	28858771	28858778	40.56	Bo       Y
Bd3     	24	30213800	30213873	Ile	AAT	0	0	72.36	Bo       Y
Bd3     	25	33598909	33598979	Cys	GCA	0	0	66.65	Bo       Y
Bd3     	26	35402236	35402306	Gly	GCC	0	0	65.59	Bo       Y
Bd3     	27	35520966	35521046	Leu	AAG	0	0	65.41	Bo       Y
Bd3     	28	35522915	35522995	Leu	AAG	0	0	66.11	Bo       Y
Bd3     	29	36475366	36475438	Ala	TGC	0	0	66.31	Bo       Y
Bd3     	30	36692535	36692605	Gly	GCC	0	0	71.56	Bo       Y
Bd3     	31	37595911	37595983	Ala	AGC	0	0	68.12	Bo       Y
Bd3     	32	37612935	37613005	Gly	GCC	0	0	71.56	Bo       Y
Bd3     	33	37875180	37875265	Tyr	GTA	37875217	37875229	75.03	Bo       Y
Bd3     	34	37958590	37958662	Lys	CTT	0	0	84.38	Bo       Y
Bd3     	35	38157369	38157441	Lys	CTT	0	0	84.38	Bo       Y
Bd3     	36	40066334	40066406	Ala	CGC	0	0	65.78	Bo       Y
Bd3     	37	41628810	41628883	Ile	AAT	0	0	77.66	Bo       Y
Bd3     	38	42347862	42347934	Phe	GAA	0	0	77.43	Bo       Y
Bd3     	39	43501825	43501898	Val	AAC	0	0	77.22	Bo       Y
Bd3     	40	43679484	43679555	Thr	TGT	0	0	82.64	Bo       Y
Bd3     	41	44037785	44037857	Ala	AGC	0	0	64.02	Bo       Y
Bd3     	42	44055804	44055875	Pro	TGG	0	0	74.23	Bo       Y
Bd3     	43	44368348	44368421	Val	CAC	0	0	82.62	Bo       Y
Bd3     	44	46310323	46310403	Leu	AAG	0	0	68.80	Bo       Y
Bd3     	45	47014450	47014529	Leu	TAG	0	0	68.72	Bo       Y
Bd3     	46	47826244	47826316	Phe	GAA	0	0	77.43	Bo       Y
Bd3     	47	47978517	47978589	Lys	TTT	0	0	89.09	Bo       Y
Bd3     	48	48181285	48181357	Ala	CGC	0	0	65.78	Bo       Y
Bd3     	49	48194745	48194832	Met	CAT	48194783	48194796	41.17	Bo       Y
Bd3     	50	48250503	48250584	Ser	AGA	0	0	83.72	Bo       Y
Bd3     	51	48962505	48962578	Ile	AAT	0	0	79.79	Bo       Y
Bd3     	52	49786397	49786478	Ser	AGA	0	0	84.20	Bo       Y
Bd3     	53	51015312	51015384	Phe	GAA	0	0	77.43	Bo       Y
Bd3     	54	51040385	51040457	Ala	TGC	0	0	66.31	Bo       Y
Bd3     	55	51276497	51276568	Pro	TGG	0	0	73.73	Bo       Y
Bd3     	56	54072128	54072199	Gln	CTG	0	0	72.36	Bo       Y
Bd3     	57	56293152	56293223	Met	CAT	0	0	68.81	Bo       Y
Bd3     	58	56695445	56695525	Leu	CAA	0	0	58.95	Bo       Y
Bd3     	59	59469324	59469395	Pro	AGG	0	0	71.75	Bo       Y
Bd3     	60	59906882	59906798	Val	AAC	59906846	59906835	24.77	Eu       N
Bd3     	61	59691209	59691138	Thr	CGT	0	0	80.56	Bo       Y
Bd3     	62	59170016	59169944	Ala	CGC	0	0	65.78	Bo       Y
Bd3     	63	58606276	58606205	Met	CAT	0	0	68.81	Bo       Y
Bd3     	64	58421370	58421299	Trp	CCA	0	0	77.63	Bo       Y
Bd3     	65	58136899	58136814	Tyr	GTA	58136862	58136850	76.38	Bo       Y
Bd3     	66	57048442	57048369	His	GTG	0	0	55.60	Bo       Y
Bd3     	67	56059886	56059816	Cys	GCA	0	0	59.84	Eu       Y
Bd3     	68	55969316	55969233	Leu	CAA	0	0	76.89	Bo       Y
Bd3     	69	55452375	55452289	Met	CAT	55452337	55452325	61.83	Bo       Y
Bd3     	70	53092968	53092897	Met	CAT	0	0	68.81	Bo       Y
Bd3     	71	52307662	52307591	Thr	CGT	0	0	81.33	Bo       Y
Bd3     	72	51954597	51954525	Glu	CTC	0	0	77.59	Bo       Y
Bd3     	73	51094787	51094714	Thr	AGT	0	0	74.28	Bo       Y
Bd3     	74	51019242	51019171	Thr	TGT	0	0	78.52	Bo       Y
Bd3     	75	48695034	48694963	Trp	CCA	0	0	77.63	Bo       Y
Bd3     	76	48632729	48632649	Leu	CAG	0	0	68.96	Bo       Y
Bd3     	77	48568733	48568662	Trp	CCA	0	0	77.63	Bo       Y
Bd3     	78	47848509	47848437	Ala	TGC	0	0	66.31	Bo       Y
Bd3     	79	47532783	47532712	Gln	TTG	0	0	76.11	Bo       Y
Bd3     	80	46935161	46935090	Cys	GCA	0	0	77.23	Bo       Y
Bd3     	81	46544685	46544610	Pseudo	CCT	46544650	46544645	20.07	Eu       N
Bd3     	82	44219160	44219088	Arg	CCG	0	0	67.58	Bo       Y
Bd3     	83	42567427	42567355	Glu	CTC	0	0	77.59	Bo       Y
Bd3     	84	40384756	40384675	Ser	GCT	0	0	77.62	Bo       Y
Bd3     	85	38600004	38599934	Gly	CCC	0	0	68.50	Bo       Y
Bd3     	86	37822405	37822333	Phe	GAA	0	0	77.43	Bo       Y
Bd3     	87	37594772	37594686	Tyr	GTA	37594735	37594722	75.44	Bo       Y
Bd3     	88	37230739	37230668	Asp	GTC	0	0	69.46	Bo       Y
Bd3     	89	37085561	37085477	Tyr	GTA	37085524	37085513	76.89	Bo       Y
Bd3     	90	36562425	36562339	Met	CAT	36562387	36562375	61.47	Bo       Y
Bd3     	91	31537637	31537565	Ala	AGC	0	0	68.12	Bo       Y
Bd3     	92	31493895	31493824	Thr	TGT	0	0	78.52	Bo       Y
Bd3     	93	30257283	30257210	Asn	GTT	0	0	75.83	Bo       Y
Bd3     	94	29713164	29713094	Gly	GCC	0	0	71.56	Bo       Y
Bd3     	95	28949037	28948965	Lys	CTT	0	0	84.38	Bo       Y
Bd3     	96	28341050	28340970	Leu	CAA	0	0	55.48	Bo       Y
Bd3     	97	28338479	28338406	Met	CAT	0	0	58.29	Bo       Y
Bd3     	98	28337790	28337718	Met	CAT	0	0	55.64	Bo       Y
Bd3     	99	28320782	28320712	Gly	GCC	0	0	61.61	Bo       Y
Bd3     	100	28318595	28318524	Thr	GGT	0	0	57.42	Bo       Y
Bd3     	101	28318000	28317928	Glu	TTC	0	0	50.26	Ts       N
Bd3     	102	28317866	28317783	Tyr	GTA	0	0	48.35	Bo       Y
Bd3     	103	28317430	28317357	Asp	GTC	0	0	54.39	Bo       Y
Bd3     	104	28306210	28306138	Met	CAT	0	0	55.64	Bo       Y
Bd3     	105	28160737	28160653	Pseudo	CAA	0	0	44.47	Bo       Y
Bd3     	106	27521070	27520997	Pro	AGG	0	0	54.36	Eu       N
Bd3     	107	26152041	26151969	Lys	TTT	0	0	54.70	Bo       Y
Bd3     	108	22917364	22917292	Arg	CCT	0	0	72.16	Bo       Y
Bd3     	109	20569287	20569215	Arg	CCT	0	0	76.45	Bo       Y
Bd3     	110	18270293	18270203	Met	CAT	18270255	18270239	42.91	Eu       N
Bd3     	111	18267428	18267343	Met	CAT	18267390	18267379	60.92	Bo       Y
Bd3     	112	17542899	17542827	Arg	TCT	0	0	70.00	Bo       Y
Bd3     	113	17520041	17519960	Ser	GCT	0	0	77.62	Bo       Y
Bd3     	114	16824880	16824807	Met	CAT	0	0	58.29	Bo       Y
Bd3     	115	15425672	15425588	Tyr	GTA	15425635	15425624	77.66	Bo       Y
Bd3     	116	14146577	14146504	Glu	TTC	0	0	64.32	Bo       Y
Bd3     	117	14142279	14142206	Glu	TTC	0	0	64.32	Bo       Y
Bd3     	118	14139589	14139516	Glu	TTC	0	0	64.32	Bo       Y
Bd3     	119	13893921	13893850	Trp	CCA	0	0	77.63	Bo       Y
Bd3     	120	11699996	11699925	Gln	TTG	0	0	76.52	Bo       Y
Bd3     	121	11511694	11511622	Ala	CGC	0	0	65.14	Bo       Y
Bd3     	122	7597460 	7597389 	Gln	TTG	0	0	68.99	Bo       Y
Bd3     	123	7500117 	7500034 	Tyr	GTA	0	0	50.98	Bo       Y
Bd3     	124	7330603 	7330530 	Val	AAC	0	0	77.22	Bo       Y
Bd3     	125	6185158 	6185088 	Gly	GCC	0	0	71.56	Bo       Y
Bd3     	126	5634178 	5634107 	Thr	TGT	0	0	55.08	Eu       Y
Bd3     	127	4358883 	4358802 	Ser	AGA	0	0	84.20	Bo       Y
Bd3     	128	4185877 	4185805 	Glu	CTC	0	0	77.59	Bo       Y
Bd3     	129	3429322 	3429250 	Lys	TTT	0	0	87.57	Bo       Y
Bd3     	130	2238501 	2238430 	His	GTG	0	0	63.70	Bo       Y
Bd3     	131	1695447 	1695366 	Ser	GCT	0	0	77.62	Bo       Y
Bd3     	132	1139089 	1139017 	Ala	AGC	0	0	64.02	Bo       Y
Bd3     	133	967214  	967142  	Ala	CGC	0	0	65.14	Bo       Y
Bd4     	1	441327  	441400  	Thr	AGT	0	0	74.28	Bo       Y
Bd4     	2	510553  	510625  	Arg	CCT	0	0	72.16	Bo       Y
Bd4     	3	2076928 	2077001 	Glu	TTC	0	0	65.35	Bo       Y
Bd4     	4	3028872 	3028944 	Lys	CTT	0	0	84.38	Bo       Y
Bd4     	5	3522319 	3522391 	Lys	CTT	0	0	84.38	Bo       Y
Bd4     	6	3861938 	3862011 	Val	TAC	0	0	79.77	Bo       Y
Bd4     	7	5069560 	5069642 	Leu	TAA	0	0	68.63	Bo       Y
Bd4     	8	6039353 	6039426 	Pseudo	GCA	0	0	21.02	Eu       N
Bd4     	9	7045107 	7045180 	Arg	ACG	0	0	61.16	Eu       Y
Bd4     	10	11856993	11857075	Leu	TAA	0	0	68.63	Bo       Y
Bd4     	11	14294713	14294785	Pro	AGG	0	0	29.66	Eu       N
Bd4     	12	14296165	14296236	Pro	AGG	0	0	73.34	Bo       Y
Bd4     	13	14296539	14296610	Pro	AGG	0	0	71.75	Bo       Y
Bd4     	14	14478377	14478464	Tyr	GTA	14478414	14478428	74.93	Bo       Y
Bd4     	15	14552222	14552295	Val	CAC	0	0	82.62	Bo       Y
Bd4     	16	14565381	14565454	Val	CAC	0	0	81.25	Bo       Y
Bd4     	17	14693759	14693831	Ala	TGC	0	0	30.80	Eu       N
Bd4     	18	14694277	14694349	Pseudo	???	0	0	30.84	Bo       Y
Bd4     	19	14697016	14697087	Arg	ACG	0	0	23.11	Eu       N
Bd4     	20	15198302	15198374	Ala	AGC	0	0	64.02	Bo       Y
Bd4     	21	15204507	15204578	Pro	TGG	0	0	73.73	Bo       Y
Bd4     	22	19637213	19637286	Pro	TGG	0	0	58.78	Bo       Y
Bd4     	23	19637427	19637500	Trp	CCA	0	0	56.77	Bo       Y
Bd4     	24	22677216	22677289	His	GTG	0	0	48.58	Bo       Y
Bd4     	25	26067386	26067458	Ala	TGC	0	0	31.06	Bo       Y
Bd4     	26	26508786	26508859	Ile	AAT	0	0	20.05	Eu       N
Bd4     	27	28265656	28265735	Leu	TAG	0	0	58.92	Bo       Y
Bd4     	28	29229450	29229523	Val	AAC	0	0	77.22	Bo       Y
Bd4     	29	31022148	31022219	Pro	CGG	0	0	74.11	Bo       Y
Bd4     	30	31351121	31351204	Leu	CAA	0	0	76.89	Bo       Y
Bd4     	31	31608324	31608397	Val	CAC	0	0	82.62	Bo       Y
Bd4     	32	33388418	33388504	Tyr	GTA	33388455	33388468	74.52	Bo       Y
Bd4     	33	33783096	33783167	Asp	GTC	0	0	69.46	Bo       Y
Bd4     	34	33937380	33937452	Phe	GAA	0	0	77.43	Bo       Y
Bd4     	35	34379037	34379108	His	GTG	0	0	63.70	Bo       Y
Bd4     	36	34600431	34600503	Lys	CTT	0	0	84.38	Bo       Y
Bd4     	37	34902151	34902223	Lys	CTT	0	0	84.38	Bo       Y
Bd4     	38	35940559	35940639	Leu	CAG	0	0	68.96	Bo       Y
Bd4     	39	36957567	36957639	Ala	CGC	0	0	65.78	Bo       Y
Bd4     	40	39068901	39068974	Ile	AAT	0	0	79.79	Bo       Y
Bd4     	41	39591210	39591282	Phe	GAA	0	0	77.43	Bo       Y
Bd4     	42	41120186	41120259	Undet	???	0	0	33.04	Eu       N
Bd4     	43	42932931	42933003	Arg	TCT	0	0	70.00	Bo       Y
Bd4     	44	43419748	43419820	Arg	CCG	0	0	72.32	Bo       Y
Bd4     	45	45128070	45128141	Lys	TTT	0	0	82.49	Bo       Y
Bd4     	46	45838805	45838878	Thr	AGT	0	0	74.28	Bo       Y
Bd4     	47	46399212	46399285	Glu	TTC	0	0	63.93	Bo       Y
Bd4     	48	46677954	46678026	Ala	AGC	0	0	64.02	Bo       Y
Bd4     	49	47575243	47575315	Ala	TGC	0	0	66.31	Bo       Y
Bd4     	50	48134181	48134252	Pro	CGG	0	0	69.81	Bo       Y
Bd4     	51	48300694	48300621	Ile	AAT	0	0	79.79	Bo       Y
Bd4     	52	48270826	48270755	Pro	CGG	0	0	74.11	Bo       Y
Bd4     	53	48002697	48002616	Ser	TGA	0	0	77.78	Bo       Y
Bd4     	54	47866350	47866267	Leu	CAA	0	0	75.15	Bo       Y
Bd4     	55	47457618	47457545	Val	CAC	0	0	82.62	Bo       Y
Bd4     	56	45524344	45524272	Arg	TCT	0	0	72.36	Bo       Y
Bd4     	57	45126042	45125970	Ala	TGC	0	0	66.06	Bo       Y
Bd4     	58	45070661	45070588	Met	CAT	0	0	51.21	Bo       Y
Bd4     	59	44704896	44704826	Gly	GCC	0	0	71.56	Bo       Y
Bd4     	60	43545189	43545118	Pro	CGG	0	0	74.11	Bo       Y
Bd4     	61	43310583	43310511	Arg	CCG	0	0	72.32	Bo       Y
Bd4     	62	43029839	43029767	Glu	CTC	0	0	71.68	Eu       Y
Bd4     	63	42883853	42883772	Ser	AGA	0	0	84.20	Bo       Y
Bd4     	64	42542569	42542498	Thr	CGT	0	0	78.75	Bo       Y
Bd4     	65	41964240	41964168	Ala	AGC	0	0	68.12	Bo       Y
Bd4     	66	41843735	41843664	Pro	TGG	0	0	74.23	Bo       Y
Bd4     	67	41192900	41192829	Lys	TTT	0	0	82.58	Bo       Y
Bd4     	68	40724954	40724883	Thr	TGT	0	0	80.01	Bo       Y
Bd4     	69	40447495	40447422	Asn	GTT	0	0	77.57	Bo       Y
Bd4     	70	40133059	40132987	Met	CAT	0	0	59.47	Bo       Y
Bd4     	71	35831935	35831862	Ile	AAT	0	0	77.66	Bo       Y
Bd4     	72	35355871	35355801	Gly	CCC	0	0	68.50	Bo       Y
Bd4     	73	34442265	34442179	Tyr	GTA	34442228	34442215	78.06	Bo       Y
Bd4     	74	33927704	33927632	Lys	CTT	0	0	84.38	Bo       Y
Bd4     	75	33523602	33523529	Val	CAC	0	0	81.25	Bo       Y
Bd4     	76	31935416	31935343	Ile	AAT	0	0	79.79	Bo       Y
Bd4     	77	31927155	31927084	Pro	CGG	0	0	74.11	Bo       Y
Bd4     	78	31584916	31584844	Ala	TGC	0	0	66.06	Bo       Y
Bd4     	79	30349146	30349075	Pro	AGG	0	0	71.75	Bo       Y
Bd4     	80	29973905	29973833	Met	CAT	0	0	55.64	Bo       Y
Bd4     	81	29942647	29942576	His	GTG	0	0	63.70	Bo       Y
Bd4     	82	28815231	28815159	Arg	TCT	0	0	70.66	Bo       Y
Bd4     	83	26962146	26962075	Lys	TTT	0	0	82.49	Bo       Y
Bd4     	84	26848661	26848590	Lys	TTT	0	0	58.49	Eu       Y
Bd4     	85	22681703	22681623	Leu	CAA	0	0	55.48	Bo       Y
Bd4     	86	22679144	22679071	Met	CAT	0	0	58.29	Bo       Y
Bd4     	87	19632274	19632203	Val	GAC	0	0	51.67	Bo       Y
Bd4     	88	17111115	17111042	Glu	TTC	0	0	65.35	Bo       Y
Bd4     	89	16115266	16115193	His	GTG	0	0	52.58	Bo       Y
Bd4     	90	15253659	15253587	Ala	AGC	0	0	57.37	Bo       Y
Bd4     	91	14477375	14477303	Ala	AGC	0	0	68.12	Bo       Y
Bd4     	92	13975391	13975320	Pro	AGG	0	0	73.34	Bo       Y
Bd4     	93	13974994	13974923	Pro	AGG	0	0	71.75	Bo       Y
Bd4     	94	13960765	13960689	Pseudo	CAT	0	0	28.74	Eu       N
Bd4     	95	13953304	13953231	Ile	GAT	0	0	64.57	Bo       Y
Bd4     	96	13616736	13616655	Ser	GCT	0	0	77.62	Bo       Y
Bd4     	97	9367412 	9367333 	Leu	TAG	0	0	52.01	Bo       Y
Bd4     	98	8597732 	8597660 	Lys	CTT	0	0	84.38	Bo       Y
Bd4     	99	7432637 	7432566 	Trp	CCA	0	0	77.63	Bo       Y
Bd4     	100	7042938 	7042868 	Arg	TCT	0	0	39.92	Eu       N
Bd4     	101	7040120 	7040049 	Pseudo	GAC	0	0	45.14	Ts       N
Bd4     	102	5866369 	5866298 	Pro	AGG	0	0	71.75	Bo       Y
Bd4     	103	4904633 	4904562 	Pro	AGG	0	0	71.75	Bo       Y
Bd4     	104	4673431 	4673361 	Gly	CCC	0	0	68.50	Bo       Y
Bd4     	105	3891628 	3891558 	Gly	GCC	0	0	71.56	Bo       Y
Bd4     	106	3878224 	3878153 	Pro	AGG	0	0	71.75	Bo       Y
Bd4     	107	3773538 	3773467 	Gly	TCC	0	0	75.78	Bo       Y
Bd4     	108	3065968 	3065896 	Arg	ACG	0	0	74.06	Bo       Y
Bd4     	109	1728426 	1728355 	Pro	TGG	0	0	51.95	Bo       Y
Bd4     	110	1340272 	1340183 	Met	CAT	1340234	1340219	60.72	Bo       Y
Bd4     	111	752625  	752555  	Gly	GCC	0	0	71.56	Bo       Y
Bd4     	112	500360  	500289  	Gln	CTG	0	0	72.36	Bo       Y
Bd4     	113	406978  	406908  	Gly	GCC	0	0	54.35	Eu       N
Bd4     	114	401554  	401483  	Ala	TGC	0	0	43.53	Eu       N
Bd5     	1	376830  	376902  	Arg	ACG	0	0	74.06	Bo       Y
Bd5     	2	4879806 	4879879 	Met	CAT	0	0	58.29	Bo       Y
Bd5     	3	4881226 	4881299 	Pro	TGG	0	0	43.92	Eu       N
Bd5     	4	6688474 	6688561 	Ser	GCT	0	0	59.95	Bo       Y
Bd5     	5	7253857 	7253930 	Met	CAT	0	0	58.29	Bo       Y
Bd5     	6	9280049 	9280132 	Tyr	GTA	0	0	50.98	Bo       Y
Bd5     	7	9608757 	9608828 	Gln	TTG	0	0	49.58	Bo       Y
Bd5     	8	9832491 	9832563 	Ala	AGC	0	0	68.12	Bo       Y
Bd5     	9	10695204	10695291	Ser	TGA	0	0	53.43	Bo       Y
Bd5     	10	10962992	10963063	Gly	TCC	0	0	75.78	Bo       Y
Bd5     	11	11184201	11184281	Leu	AAG	0	0	65.09	Bo       Y
Bd5     	12	12139816	12139889	Asn	GTT	0	0	81.83	Bo       Y
Bd5     	13	14009271	14009343	Phe	GAA	0	0	70.52	Ts       Y
Bd5     	14	14553337	14553419	Leu	CAA	0	0	45.38	Bo       Y
Bd5     	15	14555873	14555946	Met	CAT	0	0	58.29	Bo       Y
Bd5     	16	14955064	14955144	Ser	AGA	0	0	49.52	Eu       N
Bd5     	17	15672983	15673055	Arg	ACG	0	0	74.06	Bo       Y
Bd5     	18	16634296	16634369	Ile	AAT	0	0	79.79	Bo       Y
Bd5     	19	18355500	18355573	Thr	AGT	0	0	74.28	Bo       Y
Bd5     	20	19759282	19759354	Phe	GAA	0	0	77.43	Bo       Y
Bd5     	21	19805696	19805768	Ala	TGC	0	0	66.31	Bo       Y
Bd5     	22	20396950	20397021	Pro	CGG	0	0	74.11	Bo       Y
Bd5     	23	21235322	21235393	Cys	GCA	0	0	78.18	Bo       Y
Bd5     	24	21574447	21574518	Thr	CGT	0	0	82.82	Bo       Y
Bd5     	25	23018684	23018770	Met	CAT	23018722	23018734	60.84	Bo       Y
Bd5     	26	23110788	23110859	Pseudo	AAC	0	0	37.37	Ts       N
Bd5     	27	25751970	25752056	Ser	GGA	0	0	49.91	Bo       Y
Bd5     	28	25755146	25755218	Phe	GAA	0	0	67.75	Bo       Y
Bd5     	29	25766564	25766637	Pro	TGG	0	0	60.50	Bo       Y
Bd5     	30	25766778	25766851	Trp	CCA	0	0	62.24	Bo       Y
Bd5     	31	28283982	28283911	Gln	TTG	0	0	76.52	Bo       Y
Bd5     	32	27880496	27880410	Tyr	GTA	27880459	27880446	77.92	Bo       Y
Bd5     	33	27022450	27022378	Ala	CGC	0	0	65.14	Bo       Y
Bd5     	34	25753317	25753245	Thr	TGT	0	0	64.66	Bo       Y
Bd5     	35	25743631	25743558	Met	CAT	0	0	31.50	Eu       N
Bd5     	36	25743450	25743379	Arg	TCT	0	0	62.51	Eu       Y
Bd5     	37	25655690	25655617	Glu	TTC	0	0	65.35	Bo       Y
Bd5     	38	25430054	25429983	Trp	CCA	0	0	77.63	Bo       Y
Bd5     	39	24579574	24579501	Val	AAC	0	0	77.22	Bo       Y
Bd5     	40	24539539	24539454	Tyr	GTA	24539502	24539490	77.16	Bo       Y
Bd5     	41	24097984	24097912	Ala	CGC	0	0	65.14	Bo       Y
Bd5     	42	22976549	22976476	Ile	GAT	0	0	71.73	Bo       Y
Bd5     	43	22312948	22312875	Trp	CCA	0	0	61.75	Bo       Y
Bd5     	44	21985136	21985064	Val	TAC	0	0	74.81	Bo       Y
Bd5     	45	18896668	18896598	Gly	GCC	0	0	67.64	Bo       Y
Bd5     	46	18880610	18880537	Ile	AAT	0	0	79.79	Bo       Y
Bd5     	47	18333763	18333690	Ile	AAT	0	0	77.66	Bo       Y
Bd5     	48	18104573	18104500	Val	CAC	0	0	82.62	Bo       Y
Bd5     	49	17646226	17646144	Leu	TAA	0	0	68.63	Bo       Y
Bd5     	50	15973987	15973916	Trp	CCA	0	0	77.63	Bo       Y
Bd5     	51	15772269	15772198	Trp	CCA	0	0	77.63	Bo       Y
Bd5     	52	14975145	14975073	Lys	TTT	0	0	89.09	Bo       Y
Bd5     	53	14740920	14740848	Ala	CGC	0	0	65.78	Bo       Y
Bd5     	54	14557983	14557910	His	GTG	0	0	45.59	Bo       Y
Bd5     	55	14163066	14162994	Ala	TGC	0	0	66.31	Bo       Y
Bd5     	56	10709740	10709667	Val	CAC	0	0	68.51	Eu       Y
Bd5     	57	10577296	10577224	Thr	TGT	0	0	54.66	Eu       N
Bd5     	58	9645052 	9644982 	Gly	GCC	0	0	55.65	Bo       Y
Bd5     	59	9605154 	9605083 	Glu	TTC	0	0	54.67	Bo       Y
Bd5     	60	468829  	468749  	Leu	AAG	0	0	68.09	Bo       Y
